Copyright 1986-2016 Xilinx, Inc. All Rights Reserved.
-----------------------------------------------------------------------------------------------------------------------
| Tool Version : Vivado v.2016.4 (win64) Build 1756540 Mon Jan 23 19:11:23 MST 2017
| Date         : Mon May 14 08:04:48 2018
| Host         : DESKTOP-1DCE4I1 running 64-bit major release  (build 9200)
| Command      : report_methodology -file bancomat_methodology_drc_routed.rpt -rpx bancomat_methodology_drc_routed.rpx
| Design       : bancomat
| Device       : xc7a35tcpg236-1
| Speed File   : -1
| Design State : Routed
-----------------------------------------------------------------------------------------------------------------------

Report Methodology

Table of Contents
-----------------
1. REPORT SUMMARY
2. REPORT DETAILS

1. REPORT SUMMARY
-----------------
            Netlist: netlist
          Floorplan: design_1
      Design limits: <entire design considered>
             Max violations: <unlimited>
             Violations found: 211
+-----------+----------+-------------------------------+------------+
| Rule      | Severity | Description                   | Violations |
+-----------+----------+-------------------------------+------------+
| TIMING-17 | Warning  | Non-clocked sequential cell   | 42         |
| TIMING-18 | Warning  | Missing input or output delay | 16         |
| TIMING-20 | Warning  | Non-clocked latch             | 153        |
+-----------+----------+-------------------------------+------------+

2. REPORT DETAILS
-----------------
TIMING-17#1 Warning
Non-clocked sequential cell  
The clock pin C3/ram_reg_0_7_0_0/SP/CLK is not reached by a timing clock
Related violations: <none>

TIMING-17#2 Warning
Non-clocked sequential cell  
The clock pin C3/ram_reg_0_7_10_10/SP/CLK is not reached by a timing clock
Related violations: <none>

TIMING-17#3 Warning
Non-clocked sequential cell  
The clock pin C3/ram_reg_0_7_11_11/SP/CLK is not reached by a timing clock
Related violations: <none>

TIMING-17#4 Warning
Non-clocked sequential cell  
The clock pin C3/ram_reg_0_7_1_1/SP/CLK is not reached by a timing clock
Related violations: <none>

TIMING-17#5 Warning
Non-clocked sequential cell  
The clock pin C3/ram_reg_0_7_2_2/SP/CLK is not reached by a timing clock
Related violations: <none>

TIMING-17#6 Warning
Non-clocked sequential cell  
The clock pin C3/ram_reg_0_7_3_3/SP/CLK is not reached by a timing clock
Related violations: <none>

TIMING-17#7 Warning
Non-clocked sequential cell  
The clock pin C3/ram_reg_0_7_4_4/SP/CLK is not reached by a timing clock
Related violations: <none>

TIMING-17#8 Warning
Non-clocked sequential cell  
The clock pin C3/ram_reg_0_7_5_5/SP/CLK is not reached by a timing clock
Related violations: <none>

TIMING-17#9 Warning
Non-clocked sequential cell  
The clock pin C3/ram_reg_0_7_6_6/SP/CLK is not reached by a timing clock
Related violations: <none>

TIMING-17#10 Warning
Non-clocked sequential cell  
The clock pin C3/ram_reg_0_7_7_7/SP/CLK is not reached by a timing clock
Related violations: <none>

TIMING-17#11 Warning
Non-clocked sequential cell  
The clock pin C3/ram_reg_0_7_8_8/SP/CLK is not reached by a timing clock
Related violations: <none>

TIMING-17#12 Warning
Non-clocked sequential cell  
The clock pin C3/ram_reg_0_7_9_9/SP/CLK is not reached by a timing clock
Related violations: <none>

TIMING-17#13 Warning
Non-clocked sequential cell  
The clock pin C4/ram_reg[0][0]/C is not reached by a timing clock
Related violations: <none>

TIMING-17#14 Warning
Non-clocked sequential cell  
The clock pin C4/ram_reg[0][1]/C is not reached by a timing clock
Related violations: <none>

TIMING-17#15 Warning
Non-clocked sequential cell  
The clock pin C4/ram_reg[0][2]/C is not reached by a timing clock
Related violations: <none>

TIMING-17#16 Warning
Non-clocked sequential cell  
The clock pin C4/ram_reg[0][3]/C is not reached by a timing clock
Related violations: <none>

TIMING-17#17 Warning
Non-clocked sequential cell  
The clock pin C4/ram_reg[0][4]/C is not reached by a timing clock
Related violations: <none>

TIMING-17#18 Warning
Non-clocked sequential cell  
The clock pin C4/ram_reg[0][5]/C is not reached by a timing clock
Related violations: <none>

TIMING-17#19 Warning
Non-clocked sequential cell  
The clock pin C4/ram_reg[0][6]/C is not reached by a timing clock
Related violations: <none>

TIMING-17#20 Warning
Non-clocked sequential cell  
The clock pin C4/ram_reg[0][7]/C is not reached by a timing clock
Related violations: <none>

TIMING-17#21 Warning
Non-clocked sequential cell  
The clock pin C4/ram_reg[0][8]/C is not reached by a timing clock
Related violations: <none>

TIMING-17#22 Warning
Non-clocked sequential cell  
The clock pin C4/ram_reg[0][9]/C is not reached by a timing clock
Related violations: <none>

TIMING-17#23 Warning
Non-clocked sequential cell  
The clock pin C4/ram_reg[1][0]/C is not reached by a timing clock
Related violations: <none>

TIMING-17#24 Warning
Non-clocked sequential cell  
The clock pin C4/ram_reg[1][1]/C is not reached by a timing clock
Related violations: <none>

TIMING-17#25 Warning
Non-clocked sequential cell  
The clock pin C4/ram_reg[1][2]/C is not reached by a timing clock
Related violations: <none>

TIMING-17#26 Warning
Non-clocked sequential cell  
The clock pin C4/ram_reg[1][3]/C is not reached by a timing clock
Related violations: <none>

TIMING-17#27 Warning
Non-clocked sequential cell  
The clock pin C4/ram_reg[1][4]/C is not reached by a timing clock
Related violations: <none>

TIMING-17#28 Warning
Non-clocked sequential cell  
The clock pin C4/ram_reg[1][5]/C is not reached by a timing clock
Related violations: <none>

TIMING-17#29 Warning
Non-clocked sequential cell  
The clock pin C4/ram_reg[1][6]/C is not reached by a timing clock
Related violations: <none>

TIMING-17#30 Warning
Non-clocked sequential cell  
The clock pin C4/ram_reg[1][7]/C is not reached by a timing clock
Related violations: <none>

TIMING-17#31 Warning
Non-clocked sequential cell  
The clock pin C4/ram_reg[1][8]/C is not reached by a timing clock
Related violations: <none>

TIMING-17#32 Warning
Non-clocked sequential cell  
The clock pin C4/ram_reg[1][9]/C is not reached by a timing clock
Related violations: <none>

TIMING-17#33 Warning
Non-clocked sequential cell  
The clock pin C4/ram_reg[2][0]/C is not reached by a timing clock
Related violations: <none>

TIMING-17#34 Warning
Non-clocked sequential cell  
The clock pin C4/ram_reg[2][1]/C is not reached by a timing clock
Related violations: <none>

TIMING-17#35 Warning
Non-clocked sequential cell  
The clock pin C4/ram_reg[2][2]/C is not reached by a timing clock
Related violations: <none>

TIMING-17#36 Warning
Non-clocked sequential cell  
The clock pin C4/ram_reg[2][3]/C is not reached by a timing clock
Related violations: <none>

TIMING-17#37 Warning
Non-clocked sequential cell  
The clock pin C4/ram_reg[2][4]/C is not reached by a timing clock
Related violations: <none>

TIMING-17#38 Warning
Non-clocked sequential cell  
The clock pin C4/ram_reg[2][5]/C is not reached by a timing clock
Related violations: <none>

TIMING-17#39 Warning
Non-clocked sequential cell  
The clock pin C4/ram_reg[2][6]/C is not reached by a timing clock
Related violations: <none>

TIMING-17#40 Warning
Non-clocked sequential cell  
The clock pin C4/ram_reg[2][7]/C is not reached by a timing clock
Related violations: <none>

TIMING-17#41 Warning
Non-clocked sequential cell  
The clock pin C4/ram_reg[2][8]/C is not reached by a timing clock
Related violations: <none>

TIMING-17#42 Warning
Non-clocked sequential cell  
The clock pin C4/ram_reg[2][9]/C is not reached by a timing clock
Related violations: <none>

TIMING-18#1 Warning
Missing input or output delay  
An input delay is missing on btnC relative to clock(s) sys_clk_pin 
Related violations: <none>

TIMING-18#2 Warning
Missing input or output delay  
An input delay is missing on btnD relative to clock(s) sys_clk_pin 
Related violations: <none>

TIMING-18#3 Warning
Missing input or output delay  
An input delay is missing on btnL relative to clock(s) sys_clk_pin 
Related violations: <none>

TIMING-18#4 Warning
Missing input or output delay  
An input delay is missing on btnR relative to clock(s) sys_clk_pin 
Related violations: <none>

TIMING-18#5 Warning
Missing input or output delay  
An input delay is missing on btnU relative to clock(s) sys_clk_pin 
Related violations: <none>

TIMING-18#6 Warning
Missing input or output delay  
An output delay is missing on an[0] relative to clock(s) sys_clk_pin 
Related violations: <none>

TIMING-18#7 Warning
Missing input or output delay  
An output delay is missing on an[1] relative to clock(s) sys_clk_pin 
Related violations: <none>

TIMING-18#8 Warning
Missing input or output delay  
An output delay is missing on an[2] relative to clock(s) sys_clk_pin 
Related violations: <none>

TIMING-18#9 Warning
Missing input or output delay  
An output delay is missing on an[3] relative to clock(s) sys_clk_pin 
Related violations: <none>

TIMING-18#10 Warning
Missing input or output delay  
An output delay is missing on cat[0] relative to clock(s) sys_clk_pin 
Related violations: <none>

TIMING-18#11 Warning
Missing input or output delay  
An output delay is missing on cat[1] relative to clock(s) sys_clk_pin 
Related violations: <none>

TIMING-18#12 Warning
Missing input or output delay  
An output delay is missing on cat[2] relative to clock(s) sys_clk_pin 
Related violations: <none>

TIMING-18#13 Warning
Missing input or output delay  
An output delay is missing on cat[3] relative to clock(s) sys_clk_pin 
Related violations: <none>

TIMING-18#14 Warning
Missing input or output delay  
An output delay is missing on cat[4] relative to clock(s) sys_clk_pin 
Related violations: <none>

TIMING-18#15 Warning
Missing input or output delay  
An output delay is missing on cat[5] relative to clock(s) sys_clk_pin 
Related violations: <none>

TIMING-18#16 Warning
Missing input or output delay  
An output delay is missing on cat[6] relative to clock(s) sys_clk_pin 
Related violations: <none>

TIMING-20#1 Warning
Non-clocked latch  
The latch C1/C1/ram_reg[0][0] cannot be properly analyzed as its control pin C1/C1/ram_reg[0][0]/G is not reached by a timing clock
Related violations: <none>

TIMING-20#2 Warning
Non-clocked latch  
The latch C1/C1/ram_reg[0][1] cannot be properly analyzed as its control pin C1/C1/ram_reg[0][1]/G is not reached by a timing clock
Related violations: <none>

TIMING-20#3 Warning
Non-clocked latch  
The latch C1/C1/ram_reg[0][2] cannot be properly analyzed as its control pin C1/C1/ram_reg[0][2]/G is not reached by a timing clock
Related violations: <none>

TIMING-20#4 Warning
Non-clocked latch  
The latch C1/C1/ram_reg[0][3] cannot be properly analyzed as its control pin C1/C1/ram_reg[0][3]/G is not reached by a timing clock
Related violations: <none>

TIMING-20#5 Warning
Non-clocked latch  
The latch C1/C1/ram_reg[1][0] cannot be properly analyzed as its control pin C1/C1/ram_reg[1][0]/G is not reached by a timing clock
Related violations: <none>

TIMING-20#6 Warning
Non-clocked latch  
The latch C1/C1/ram_reg[1][1] cannot be properly analyzed as its control pin C1/C1/ram_reg[1][1]/G is not reached by a timing clock
Related violations: <none>

TIMING-20#7 Warning
Non-clocked latch  
The latch C1/C1/ram_reg[1][2] cannot be properly analyzed as its control pin C1/C1/ram_reg[1][2]/G is not reached by a timing clock
Related violations: <none>

TIMING-20#8 Warning
Non-clocked latch  
The latch C1/C1/ram_reg[1][3] cannot be properly analyzed as its control pin C1/C1/ram_reg[1][3]/G is not reached by a timing clock
Related violations: <none>

TIMING-20#9 Warning
Non-clocked latch  
The latch C1/C1/ram_reg[2][0] cannot be properly analyzed as its control pin C1/C1/ram_reg[2][0]/G is not reached by a timing clock
Related violations: <none>

TIMING-20#10 Warning
Non-clocked latch  
The latch C1/C1/ram_reg[2][1] cannot be properly analyzed as its control pin C1/C1/ram_reg[2][1]/G is not reached by a timing clock
Related violations: <none>

TIMING-20#11 Warning
Non-clocked latch  
The latch C1/C1/ram_reg[2][2] cannot be properly analyzed as its control pin C1/C1/ram_reg[2][2]/G is not reached by a timing clock
Related violations: <none>

TIMING-20#12 Warning
Non-clocked latch  
The latch C1/C1/ram_reg[2][3] cannot be properly analyzed as its control pin C1/C1/ram_reg[2][3]/G is not reached by a timing clock
Related violations: <none>

TIMING-20#13 Warning
Non-clocked latch  
The latch C1/C1/ram_reg[3][0] cannot be properly analyzed as its control pin C1/C1/ram_reg[3][0]/G is not reached by a timing clock
Related violations: <none>

TIMING-20#14 Warning
Non-clocked latch  
The latch C1/C1/ram_reg[3][1] cannot be properly analyzed as its control pin C1/C1/ram_reg[3][1]/G is not reached by a timing clock
Related violations: <none>

TIMING-20#15 Warning
Non-clocked latch  
The latch C1/C1/ram_reg[3][2] cannot be properly analyzed as its control pin C1/C1/ram_reg[3][2]/G is not reached by a timing clock
Related violations: <none>

TIMING-20#16 Warning
Non-clocked latch  
The latch C1/C1/ram_reg[3][3] cannot be properly analyzed as its control pin C1/C1/ram_reg[3][3]/G is not reached by a timing clock
Related violations: <none>

TIMING-20#17 Warning
Non-clocked latch  
The latch C1/C1/ram_reg[4][0] cannot be properly analyzed as its control pin C1/C1/ram_reg[4][0]/G is not reached by a timing clock
Related violations: <none>

TIMING-20#18 Warning
Non-clocked latch  
The latch C1/C1/ram_reg[4][1] cannot be properly analyzed as its control pin C1/C1/ram_reg[4][1]/G is not reached by a timing clock
Related violations: <none>

TIMING-20#19 Warning
Non-clocked latch  
The latch C1/C1/ram_reg[4][2] cannot be properly analyzed as its control pin C1/C1/ram_reg[4][2]/G is not reached by a timing clock
Related violations: <none>

TIMING-20#20 Warning
Non-clocked latch  
The latch C1/C1/ram_reg[4][3] cannot be properly analyzed as its control pin C1/C1/ram_reg[4][3]/G is not reached by a timing clock
Related violations: <none>

TIMING-20#21 Warning
Non-clocked latch  
The latch C1/C1/ram_reg[5][0] cannot be properly analyzed as its control pin C1/C1/ram_reg[5][0]/G is not reached by a timing clock
Related violations: <none>

TIMING-20#22 Warning
Non-clocked latch  
The latch C1/C1/ram_reg[5][1] cannot be properly analyzed as its control pin C1/C1/ram_reg[5][1]/G is not reached by a timing clock
Related violations: <none>

TIMING-20#23 Warning
Non-clocked latch  
The latch C1/C1/ram_reg[5][2] cannot be properly analyzed as its control pin C1/C1/ram_reg[5][2]/G is not reached by a timing clock
Related violations: <none>

TIMING-20#24 Warning
Non-clocked latch  
The latch C1/C1/ram_reg[5][3] cannot be properly analyzed as its control pin C1/C1/ram_reg[5][3]/G is not reached by a timing clock
Related violations: <none>

TIMING-20#25 Warning
Non-clocked latch  
The latch C1/C1/ram_reg[6][0] cannot be properly analyzed as its control pin C1/C1/ram_reg[6][0]/G is not reached by a timing clock
Related violations: <none>

TIMING-20#26 Warning
Non-clocked latch  
The latch C1/C1/ram_reg[6][1] cannot be properly analyzed as its control pin C1/C1/ram_reg[6][1]/G is not reached by a timing clock
Related violations: <none>

TIMING-20#27 Warning
Non-clocked latch  
The latch C1/C1/ram_reg[6][2] cannot be properly analyzed as its control pin C1/C1/ram_reg[6][2]/G is not reached by a timing clock
Related violations: <none>

TIMING-20#28 Warning
Non-clocked latch  
The latch C1/C1/ram_reg[6][3] cannot be properly analyzed as its control pin C1/C1/ram_reg[6][3]/G is not reached by a timing clock
Related violations: <none>

TIMING-20#29 Warning
Non-clocked latch  
The latch C1/C1/ram_reg[7][0] cannot be properly analyzed as its control pin C1/C1/ram_reg[7][0]/G is not reached by a timing clock
Related violations: <none>

TIMING-20#30 Warning
Non-clocked latch  
The latch C1/C1/ram_reg[7][1] cannot be properly analyzed as its control pin C1/C1/ram_reg[7][1]/G is not reached by a timing clock
Related violations: <none>

TIMING-20#31 Warning
Non-clocked latch  
The latch C1/C1/ram_reg[7][2] cannot be properly analyzed as its control pin C1/C1/ram_reg[7][2]/G is not reached by a timing clock
Related violations: <none>

TIMING-20#32 Warning
Non-clocked latch  
The latch C1/C1/ram_reg[7][3] cannot be properly analyzed as its control pin C1/C1/ram_reg[7][3]/G is not reached by a timing clock
Related violations: <none>

TIMING-20#33 Warning
Non-clocked latch  
The latch C1/a_reg[0] cannot be properly analyzed as its control pin C1/a_reg[0]/G is not reached by a timing clock
Related violations: <none>

TIMING-20#34 Warning
Non-clocked latch  
The latch C1/a_reg[1] cannot be properly analyzed as its control pin C1/a_reg[1]/G is not reached by a timing clock
Related violations: <none>

TIMING-20#35 Warning
Non-clocked latch  
The latch C1/a_reg[2] cannot be properly analyzed as its control pin C1/a_reg[2]/G is not reached by a timing clock
Related violations: <none>

TIMING-20#36 Warning
Non-clocked latch  
The latch C1/a_reg[3] cannot be properly analyzed as its control pin C1/a_reg[3]/G is not reached by a timing clock
Related violations: <none>

TIMING-20#37 Warning
Non-clocked latch  
The latch C1/change_reg cannot be properly analyzed as its control pin C1/change_reg/G is not reached by a timing clock
Related violations: <none>

TIMING-20#38 Warning
Non-clocked latch  
The latch C1/corect_reg cannot be properly analyzed as its control pin C1/corect_reg/G is not reached by a timing clock
Related violations: <none>

TIMING-20#39 Warning
Non-clocked latch  
The latch C4/b_100_reg[0] cannot be properly analyzed as its control pin C4/b_100_reg[0]/G is not reached by a timing clock
Related violations: <none>

TIMING-20#40 Warning
Non-clocked latch  
The latch C4/b_100_reg[1] cannot be properly analyzed as its control pin C4/b_100_reg[1]/G is not reached by a timing clock
Related violations: <none>

TIMING-20#41 Warning
Non-clocked latch  
The latch C4/b_100_reg[2] cannot be properly analyzed as its control pin C4/b_100_reg[2]/G is not reached by a timing clock
Related violations: <none>

TIMING-20#42 Warning
Non-clocked latch  
The latch C4/b_100_reg[3] cannot be properly analyzed as its control pin C4/b_100_reg[3]/G is not reached by a timing clock
Related violations: <none>

TIMING-20#43 Warning
Non-clocked latch  
The latch C4/b_100_reg[4] cannot be properly analyzed as its control pin C4/b_100_reg[4]/G is not reached by a timing clock
Related violations: <none>

TIMING-20#44 Warning
Non-clocked latch  
The latch C4/b_100_reg[5] cannot be properly analyzed as its control pin C4/b_100_reg[5]/G is not reached by a timing clock
Related violations: <none>

TIMING-20#45 Warning
Non-clocked latch  
The latch C4/b_100_reg[6] cannot be properly analyzed as its control pin C4/b_100_reg[6]/G is not reached by a timing clock
Related violations: <none>

TIMING-20#46 Warning
Non-clocked latch  
The latch C4/b_100_reg[7] cannot be properly analyzed as its control pin C4/b_100_reg[7]/G is not reached by a timing clock
Related violations: <none>

TIMING-20#47 Warning
Non-clocked latch  
The latch C4/b_100_reg[8] cannot be properly analyzed as its control pin C4/b_100_reg[8]/G is not reached by a timing clock
Related violations: <none>

TIMING-20#48 Warning
Non-clocked latch  
The latch C4/b_100_reg[9] cannot be properly analyzed as its control pin C4/b_100_reg[9]/G is not reached by a timing clock
Related violations: <none>

TIMING-20#49 Warning
Non-clocked latch  
The latch C4/b_10_reg[0] cannot be properly analyzed as its control pin C4/b_10_reg[0]/G is not reached by a timing clock
Related violations: <none>

TIMING-20#50 Warning
Non-clocked latch  
The latch C4/b_10_reg[1] cannot be properly analyzed as its control pin C4/b_10_reg[1]/G is not reached by a timing clock
Related violations: <none>

TIMING-20#51 Warning
Non-clocked latch  
The latch C4/b_10_reg[2] cannot be properly analyzed as its control pin C4/b_10_reg[2]/G is not reached by a timing clock
Related violations: <none>

TIMING-20#52 Warning
Non-clocked latch  
The latch C4/b_10_reg[3] cannot be properly analyzed as its control pin C4/b_10_reg[3]/G is not reached by a timing clock
Related violations: <none>

TIMING-20#53 Warning
Non-clocked latch  
The latch C4/b_10_reg[4] cannot be properly analyzed as its control pin C4/b_10_reg[4]/G is not reached by a timing clock
Related violations: <none>

TIMING-20#54 Warning
Non-clocked latch  
The latch C4/b_10_reg[5] cannot be properly analyzed as its control pin C4/b_10_reg[5]/G is not reached by a timing clock
Related violations: <none>

TIMING-20#55 Warning
Non-clocked latch  
The latch C4/b_10_reg[6] cannot be properly analyzed as its control pin C4/b_10_reg[6]/G is not reached by a timing clock
Related violations: <none>

TIMING-20#56 Warning
Non-clocked latch  
The latch C4/b_10_reg[7] cannot be properly analyzed as its control pin C4/b_10_reg[7]/G is not reached by a timing clock
Related violations: <none>

TIMING-20#57 Warning
Non-clocked latch  
The latch C4/b_10_reg[8] cannot be properly analyzed as its control pin C4/b_10_reg[8]/G is not reached by a timing clock
Related violations: <none>

TIMING-20#58 Warning
Non-clocked latch  
The latch C4/b_10_reg[9] cannot be properly analyzed as its control pin C4/b_10_reg[9]/G is not reached by a timing clock
Related violations: <none>

TIMING-20#59 Warning
Non-clocked latch  
The latch C4/b_1_reg[0] cannot be properly analyzed as its control pin C4/b_1_reg[0]/G is not reached by a timing clock
Related violations: <none>

TIMING-20#60 Warning
Non-clocked latch  
The latch C4/b_1_reg[1] cannot be properly analyzed as its control pin C4/b_1_reg[1]/G is not reached by a timing clock
Related violations: <none>

TIMING-20#61 Warning
Non-clocked latch  
The latch C4/b_1_reg[2] cannot be properly analyzed as its control pin C4/b_1_reg[2]/G is not reached by a timing clock
Related violations: <none>

TIMING-20#62 Warning
Non-clocked latch  
The latch C4/b_1_reg[3] cannot be properly analyzed as its control pin C4/b_1_reg[3]/G is not reached by a timing clock
Related violations: <none>

TIMING-20#63 Warning
Non-clocked latch  
The latch C4/b_1_reg[4] cannot be properly analyzed as its control pin C4/b_1_reg[4]/G is not reached by a timing clock
Related violations: <none>

TIMING-20#64 Warning
Non-clocked latch  
The latch C4/b_1_reg[5] cannot be properly analyzed as its control pin C4/b_1_reg[5]/G is not reached by a timing clock
Related violations: <none>

TIMING-20#65 Warning
Non-clocked latch  
The latch C4/b_1_reg[6] cannot be properly analyzed as its control pin C4/b_1_reg[6]/G is not reached by a timing clock
Related violations: <none>

TIMING-20#66 Warning
Non-clocked latch  
The latch C4/b_1_reg[7] cannot be properly analyzed as its control pin C4/b_1_reg[7]/G is not reached by a timing clock
Related violations: <none>

TIMING-20#67 Warning
Non-clocked latch  
The latch C4/b_1_reg[8] cannot be properly analyzed as its control pin C4/b_1_reg[8]/G is not reached by a timing clock
Related violations: <none>

TIMING-20#68 Warning
Non-clocked latch  
The latch C4/b_1_reg[9] cannot be properly analyzed as its control pin C4/b_1_reg[9]/G is not reached by a timing clock
Related violations: <none>

TIMING-20#69 Warning
Non-clocked latch  
The latch C5/C1/cifra_bin_reg[0] cannot be properly analyzed as its control pin C5/C1/cifra_bin_reg[0]/G is not reached by a timing clock
Related violations: <none>

TIMING-20#70 Warning
Non-clocked latch  
The latch C5/C1/cifra_bin_reg[1] cannot be properly analyzed as its control pin C5/C1/cifra_bin_reg[1]/G is not reached by a timing clock
Related violations: <none>

TIMING-20#71 Warning
Non-clocked latch  
The latch C5/C1/cifra_bin_reg[2] cannot be properly analyzed as its control pin C5/C1/cifra_bin_reg[2]/G is not reached by a timing clock
Related violations: <none>

TIMING-20#72 Warning
Non-clocked latch  
The latch C5/C1/cifra_bin_reg[3] cannot be properly analyzed as its control pin C5/C1/cifra_bin_reg[3]/G is not reached by a timing clock
Related violations: <none>

TIMING-20#73 Warning
Non-clocked latch  
The latch C5/C2/sute_reg[0] cannot be properly analyzed as its control pin C5/C2/sute_reg[0]/G is not reached by a timing clock
Related violations: <none>

TIMING-20#74 Warning
Non-clocked latch  
The latch C5/C2/sute_reg[1] cannot be properly analyzed as its control pin C5/C2/sute_reg[1]/G is not reached by a timing clock
Related violations: <none>

TIMING-20#75 Warning
Non-clocked latch  
The latch C5/C2/sute_reg[2] cannot be properly analyzed as its control pin C5/C2/sute_reg[2]/G is not reached by a timing clock
Related violations: <none>

TIMING-20#76 Warning
Non-clocked latch  
The latch C5/C2/sute_reg[3] cannot be properly analyzed as its control pin C5/C2/sute_reg[3]/G is not reached by a timing clock
Related violations: <none>

TIMING-20#77 Warning
Non-clocked latch  
The latch C5/C2/unitati_reg[0] cannot be properly analyzed as its control pin C5/C2/unitati_reg[0]/G is not reached by a timing clock
Related violations: <none>

TIMING-20#78 Warning
Non-clocked latch  
The latch C5/C2/unitati_reg[1] cannot be properly analyzed as its control pin C5/C2/unitati_reg[1]/G is not reached by a timing clock
Related violations: <none>

TIMING-20#79 Warning
Non-clocked latch  
The latch C5/C2/unitati_reg[2] cannot be properly analyzed as its control pin C5/C2/unitati_reg[2]/G is not reached by a timing clock
Related violations: <none>

TIMING-20#80 Warning
Non-clocked latch  
The latch C5/C2/unitati_reg[3] cannot be properly analyzed as its control pin C5/C2/unitati_reg[3]/G is not reached by a timing clock
Related violations: <none>

TIMING-20#81 Warning
Non-clocked latch  
The latch C5/C2/zeci_reg[0] cannot be properly analyzed as its control pin C5/C2/zeci_reg[0]/G is not reached by a timing clock
Related violations: <none>

TIMING-20#82 Warning
Non-clocked latch  
The latch C5/C2/zeci_reg[1] cannot be properly analyzed as its control pin C5/C2/zeci_reg[1]/G is not reached by a timing clock
Related violations: <none>

TIMING-20#83 Warning
Non-clocked latch  
The latch C5/C2/zeci_reg[2] cannot be properly analyzed as its control pin C5/C2/zeci_reg[2]/G is not reached by a timing clock
Related violations: <none>

TIMING-20#84 Warning
Non-clocked latch  
The latch C5/C2/zeci_reg[3] cannot be properly analyzed as its control pin C5/C2/zeci_reg[3]/G is not reached by a timing clock
Related violations: <none>

TIMING-20#85 Warning
Non-clocked latch  
The latch C5/br_100_reg[0] cannot be properly analyzed as its control pin C5/br_100_reg[0]/G is not reached by a timing clock
Related violations: <none>

TIMING-20#86 Warning
Non-clocked latch  
The latch C5/br_100_reg[1] cannot be properly analyzed as its control pin C5/br_100_reg[1]/G is not reached by a timing clock
Related violations: <none>

TIMING-20#87 Warning
Non-clocked latch  
The latch C5/br_100_reg[2] cannot be properly analyzed as its control pin C5/br_100_reg[2]/G is not reached by a timing clock
Related violations: <none>

TIMING-20#88 Warning
Non-clocked latch  
The latch C5/br_100_reg[3] cannot be properly analyzed as its control pin C5/br_100_reg[3]/G is not reached by a timing clock
Related violations: <none>

TIMING-20#89 Warning
Non-clocked latch  
The latch C5/br_100_reg[4] cannot be properly analyzed as its control pin C5/br_100_reg[4]/G is not reached by a timing clock
Related violations: <none>

TIMING-20#90 Warning
Non-clocked latch  
The latch C5/br_100_reg[5] cannot be properly analyzed as its control pin C5/br_100_reg[5]/G is not reached by a timing clock
Related violations: <none>

TIMING-20#91 Warning
Non-clocked latch  
The latch C5/br_100_reg[6] cannot be properly analyzed as its control pin C5/br_100_reg[6]/G is not reached by a timing clock
Related violations: <none>

TIMING-20#92 Warning
Non-clocked latch  
The latch C5/br_100_reg[7] cannot be properly analyzed as its control pin C5/br_100_reg[7]/G is not reached by a timing clock
Related violations: <none>

TIMING-20#93 Warning
Non-clocked latch  
The latch C5/br_100_reg[8] cannot be properly analyzed as its control pin C5/br_100_reg[8]/G is not reached by a timing clock
Related violations: <none>

TIMING-20#94 Warning
Non-clocked latch  
The latch C5/br_100_reg[9] cannot be properly analyzed as its control pin C5/br_100_reg[9]/G is not reached by a timing clock
Related violations: <none>

TIMING-20#95 Warning
Non-clocked latch  
The latch C5/br_10_reg[0] cannot be properly analyzed as its control pin C5/br_10_reg[0]/G is not reached by a timing clock
Related violations: <none>

TIMING-20#96 Warning
Non-clocked latch  
The latch C5/br_10_reg[1] cannot be properly analyzed as its control pin C5/br_10_reg[1]/G is not reached by a timing clock
Related violations: <none>

TIMING-20#97 Warning
Non-clocked latch  
The latch C5/br_10_reg[2] cannot be properly analyzed as its control pin C5/br_10_reg[2]/G is not reached by a timing clock
Related violations: <none>

TIMING-20#98 Warning
Non-clocked latch  
The latch C5/br_10_reg[3] cannot be properly analyzed as its control pin C5/br_10_reg[3]/G is not reached by a timing clock
Related violations: <none>

TIMING-20#99 Warning
Non-clocked latch  
The latch C5/br_10_reg[4] cannot be properly analyzed as its control pin C5/br_10_reg[4]/G is not reached by a timing clock
Related violations: <none>

TIMING-20#100 Warning
Non-clocked latch  
The latch C5/br_10_reg[5] cannot be properly analyzed as its control pin C5/br_10_reg[5]/G is not reached by a timing clock
Related violations: <none>

TIMING-20#101 Warning
Non-clocked latch  
The latch C5/br_10_reg[6] cannot be properly analyzed as its control pin C5/br_10_reg[6]/G is not reached by a timing clock
Related violations: <none>

TIMING-20#102 Warning
Non-clocked latch  
The latch C5/br_10_reg[7] cannot be properly analyzed as its control pin C5/br_10_reg[7]/G is not reached by a timing clock
Related violations: <none>

TIMING-20#103 Warning
Non-clocked latch  
The latch C5/br_10_reg[8] cannot be properly analyzed as its control pin C5/br_10_reg[8]/G is not reached by a timing clock
Related violations: <none>

TIMING-20#104 Warning
Non-clocked latch  
The latch C5/br_10_reg[9] cannot be properly analyzed as its control pin C5/br_10_reg[9]/G is not reached by a timing clock
Related violations: <none>

TIMING-20#105 Warning
Non-clocked latch  
The latch C5/br_1_reg[0] cannot be properly analyzed as its control pin C5/br_1_reg[0]/G is not reached by a timing clock
Related violations: <none>

TIMING-20#106 Warning
Non-clocked latch  
The latch C5/br_1_reg[1] cannot be properly analyzed as its control pin C5/br_1_reg[1]/G is not reached by a timing clock
Related violations: <none>

TIMING-20#107 Warning
Non-clocked latch  
The latch C5/br_1_reg[2] cannot be properly analyzed as its control pin C5/br_1_reg[2]/G is not reached by a timing clock
Related violations: <none>

TIMING-20#108 Warning
Non-clocked latch  
The latch C5/br_1_reg[3] cannot be properly analyzed as its control pin C5/br_1_reg[3]/G is not reached by a timing clock
Related violations: <none>

TIMING-20#109 Warning
Non-clocked latch  
The latch C5/br_1_reg[4] cannot be properly analyzed as its control pin C5/br_1_reg[4]/G is not reached by a timing clock
Related violations: <none>

TIMING-20#110 Warning
Non-clocked latch  
The latch C5/br_1_reg[5] cannot be properly analyzed as its control pin C5/br_1_reg[5]/G is not reached by a timing clock
Related violations: <none>

TIMING-20#111 Warning
Non-clocked latch  
The latch C5/br_1_reg[6] cannot be properly analyzed as its control pin C5/br_1_reg[6]/G is not reached by a timing clock
Related violations: <none>

TIMING-20#112 Warning
Non-clocked latch  
The latch C5/br_1_reg[7] cannot be properly analyzed as its control pin C5/br_1_reg[7]/G is not reached by a timing clock
Related violations: <none>

TIMING-20#113 Warning
Non-clocked latch  
The latch C5/br_1_reg[8] cannot be properly analyzed as its control pin C5/br_1_reg[8]/G is not reached by a timing clock
Related violations: <none>

TIMING-20#114 Warning
Non-clocked latch  
The latch C5/br_1_reg[9] cannot be properly analyzed as its control pin C5/br_1_reg[9]/G is not reached by a timing clock
Related violations: <none>

TIMING-20#115 Warning
Non-clocked latch  
The latch Pin_nou_reg[0] cannot be properly analyzed as its control pin Pin_nou_reg[0]/G is not reached by a timing clock
Related violations: <none>

TIMING-20#116 Warning
Non-clocked latch  
The latch Pin_nou_reg[1] cannot be properly analyzed as its control pin Pin_nou_reg[1]/G is not reached by a timing clock
Related violations: <none>

TIMING-20#117 Warning
Non-clocked latch  
The latch Pin_nou_reg[2] cannot be properly analyzed as its control pin Pin_nou_reg[2]/G is not reached by a timing clock
Related violations: <none>

TIMING-20#118 Warning
Non-clocked latch  
The latch Pin_nou_reg[3] cannot be properly analyzed as its control pin Pin_nou_reg[3]/G is not reached by a timing clock
Related violations: <none>

TIMING-20#119 Warning
Non-clocked latch  
The latch Pin_reg[0] cannot be properly analyzed as its control pin Pin_reg[0]/G is not reached by a timing clock
Related violations: <none>

TIMING-20#120 Warning
Non-clocked latch  
The latch Pin_reg[1] cannot be properly analyzed as its control pin Pin_reg[1]/G is not reached by a timing clock
Related violations: <none>

TIMING-20#121 Warning
Non-clocked latch  
The latch Pin_reg[2] cannot be properly analyzed as its control pin Pin_reg[2]/G is not reached by a timing clock
Related violations: <none>

TIMING-20#122 Warning
Non-clocked latch  
The latch Pin_reg[3] cannot be properly analyzed as its control pin Pin_reg[3]/G is not reached by a timing clock
Related violations: <none>

TIMING-20#123 Warning
Non-clocked latch  
The latch c7/C1/cifra_bin_reg[0] cannot be properly analyzed as its control pin c7/C1/cifra_bin_reg[0]/G is not reached by a timing clock
Related violations: <none>

TIMING-20#124 Warning
Non-clocked latch  
The latch c7/C1/cifra_bin_reg[1] cannot be properly analyzed as its control pin c7/C1/cifra_bin_reg[1]/G is not reached by a timing clock
Related violations: <none>

TIMING-20#125 Warning
Non-clocked latch  
The latch c7/C1/cifra_bin_reg[2] cannot be properly analyzed as its control pin c7/C1/cifra_bin_reg[2]/G is not reached by a timing clock
Related violations: <none>

TIMING-20#126 Warning
Non-clocked latch  
The latch c7/C1/cifra_bin_reg[3] cannot be properly analyzed as its control pin c7/C1/cifra_bin_reg[3]/G is not reached by a timing clock
Related violations: <none>

TIMING-20#127 Warning
Non-clocked latch  
The latch c7/C2/sute_reg[0] cannot be properly analyzed as its control pin c7/C2/sute_reg[0]/G is not reached by a timing clock
Related violations: <none>

TIMING-20#128 Warning
Non-clocked latch  
The latch c7/C2/sute_reg[1] cannot be properly analyzed as its control pin c7/C2/sute_reg[1]/G is not reached by a timing clock
Related violations: <none>

TIMING-20#129 Warning
Non-clocked latch  
The latch c7/C2/sute_reg[2] cannot be properly analyzed as its control pin c7/C2/sute_reg[2]/G is not reached by a timing clock
Related violations: <none>

TIMING-20#130 Warning
Non-clocked latch  
The latch c7/C2/sute_reg[3] cannot be properly analyzed as its control pin c7/C2/sute_reg[3]/G is not reached by a timing clock
Related violations: <none>

TIMING-20#131 Warning
Non-clocked latch  
The latch c7/C2/unitati_reg[0] cannot be properly analyzed as its control pin c7/C2/unitati_reg[0]/G is not reached by a timing clock
Related violations: <none>

TIMING-20#132 Warning
Non-clocked latch  
The latch c7/C2/unitati_reg[1] cannot be properly analyzed as its control pin c7/C2/unitati_reg[1]/G is not reached by a timing clock
Related violations: <none>

TIMING-20#133 Warning
Non-clocked latch  
The latch c7/C2/unitati_reg[2] cannot be properly analyzed as its control pin c7/C2/unitati_reg[2]/G is not reached by a timing clock
Related violations: <none>

TIMING-20#134 Warning
Non-clocked latch  
The latch c7/C2/unitati_reg[3] cannot be properly analyzed as its control pin c7/C2/unitati_reg[3]/G is not reached by a timing clock
Related violations: <none>

TIMING-20#135 Warning
Non-clocked latch  
The latch c7/C2/zeci_reg[0] cannot be properly analyzed as its control pin c7/C2/zeci_reg[0]/G is not reached by a timing clock
Related violations: <none>

TIMING-20#136 Warning
Non-clocked latch  
The latch c7/C2/zeci_reg[1] cannot be properly analyzed as its control pin c7/C2/zeci_reg[1]/G is not reached by a timing clock
Related violations: <none>

TIMING-20#137 Warning
Non-clocked latch  
The latch c7/C2/zeci_reg[2] cannot be properly analyzed as its control pin c7/C2/zeci_reg[2]/G is not reached by a timing clock
Related violations: <none>

TIMING-20#138 Warning
Non-clocked latch  
The latch c7/C2/zeci_reg[3] cannot be properly analyzed as its control pin c7/C2/zeci_reg[3]/G is not reached by a timing clock
Related violations: <none>

TIMING-20#139 Warning
Non-clocked latch  
The latch c7/br_1_reg[0] cannot be properly analyzed as its control pin c7/br_1_reg[0]/G is not reached by a timing clock
Related violations: <none>

TIMING-20#140 Warning
Non-clocked latch  
The latch c7/br_1_reg[1] cannot be properly analyzed as its control pin c7/br_1_reg[1]/G is not reached by a timing clock
Related violations: <none>

TIMING-20#141 Warning
Non-clocked latch  
The latch c7/br_1_reg[2] cannot be properly analyzed as its control pin c7/br_1_reg[2]/G is not reached by a timing clock
Related violations: <none>

TIMING-20#142 Warning
Non-clocked latch  
The latch c7/br_1_reg[3] cannot be properly analyzed as its control pin c7/br_1_reg[3]/G is not reached by a timing clock
Related violations: <none>

TIMING-20#143 Warning
Non-clocked latch  
The latch c7/br_1_reg[4] cannot be properly analyzed as its control pin c7/br_1_reg[4]/G is not reached by a timing clock
Related violations: <none>

TIMING-20#144 Warning
Non-clocked latch  
The latch c7/br_1_reg[5] cannot be properly analyzed as its control pin c7/br_1_reg[5]/G is not reached by a timing clock
Related violations: <none>

TIMING-20#145 Warning
Non-clocked latch  
The latch c7/br_1_reg[6] cannot be properly analyzed as its control pin c7/br_1_reg[6]/G is not reached by a timing clock
Related violations: <none>

TIMING-20#146 Warning
Non-clocked latch  
The latch c7/br_1_reg[7] cannot be properly analyzed as its control pin c7/br_1_reg[7]/G is not reached by a timing clock
Related violations: <none>

TIMING-20#147 Warning
Non-clocked latch  
The latch c7/br_1_reg[8] cannot be properly analyzed as its control pin c7/br_1_reg[8]/G is not reached by a timing clock
Related violations: <none>

TIMING-20#148 Warning
Non-clocked latch  
The latch c7/br_1_reg[9] cannot be properly analyzed as its control pin c7/br_1_reg[9]/G is not reached by a timing clock
Related violations: <none>

TIMING-20#149 Warning
Non-clocked latch  
The latch cont_reg[0] cannot be properly analyzed as its control pin cont_reg[0]/G is not reached by a timing clock
Related violations: <none>

TIMING-20#150 Warning
Non-clocked latch  
The latch cont_reg[1] cannot be properly analyzed as its control pin cont_reg[1]/G is not reached by a timing clock
Related violations: <none>

TIMING-20#151 Warning
Non-clocked latch  
The latch cont_reg[2] cannot be properly analyzed as its control pin cont_reg[2]/G is not reached by a timing clock
Related violations: <none>

TIMING-20#152 Warning
Non-clocked latch  
The latch depun_reg cannot be properly analyzed as its control pin depun_reg/G is not reached by a timing clock
Related violations: <none>

TIMING-20#153 Warning
Non-clocked latch  
The latch extrag_reg cannot be properly analyzed as its control pin extrag_reg/G is not reached by a timing clock
Related violations: <none>


